<?xml version="1.0" encoding="UTF-8"?>
<!-- Generated by org.testng.reporters.JUnitReportReporter -->
<testsuite skipped="0" hostname="DESKTOP-JTCMNKG" name="test.Guru" tests="1" failures="0" timestamp="2020-07-06T16:58:55 ICT" time="13.222" errors="0">
  <testcase name="guRu" time="13.222" classname="test.Guru"/>
  <system-out/>
</testsuite> <!-- test.Guru -->
