<?xml version="1.0" encoding="UTF-8"?>
<!-- Generated by org.testng.reporters.JUnitReportReporter -->
<testsuite skipped="0" hostname="DESKTOP-JTCMNKG" name="test.PracticeForms" tests="1" failures="0" timestamp="2020-11-05T10:06:42 ICT" time="32.916" errors="0">
  <testcase name="inputLastNameFail" time="32.916" classname="test.PracticeForms"/>
  <system-out/>
</testsuite> <!-- test.PracticeForms -->
