<?xml version="1.0" encoding="UTF-8"?>
<!-- Generated by org.testng.reporters.JUnitReportReporter -->
<testsuite skipped="0" hostname="DESKTOP-JTCMNKG" name="test.GlobalSqa" tests="1" failures="0" timestamp="2020-10-16T16:41:23 ICT" time="24.338" errors="0">
  <testcase name="toolTip" time="24.338" classname="test.GlobalSqa"/>
  <system-out/>
</testsuite> <!-- test.GlobalSqa -->
