<?xml version="1.0" encoding="UTF-8"?>
<!-- Generated by org.testng.reporters.JUnitReportReporter -->
<testsuite skipped="0" hostname="DESKTOP-JTCMNKG" name="test.Profile" tests="20" failures="0" timestamp="2020-06-25T10:57:59 ICT" time="227.203" errors="0">
  <testcase name="login" time="12.265" classname="test.Profile"/>
  <system-out/>
  <testcase name="login" time="11.691" classname="test.Profile"/>
  <system-out/>
  <testcase name="login" time="11.213" classname="test.Profile"/>
  <system-out/>
  <testcase name="login" time="11.352" classname="test.Profile"/>
  <system-out/>
  <testcase name="login" time="12.211" classname="test.Profile"/>
  <system-out/>
  <testcase name="login" time="11.658" classname="test.Profile"/>
  <system-out/>
  <testcase name="login" time="11.219" classname="test.Profile"/>
  <system-out/>
  <testcase name="login" time="10.524" classname="test.Profile"/>
  <system-out/>
  <testcase name="login" time="10.970" classname="test.Profile"/>
  <system-out/>
  <testcase name="login" time="11.310" classname="test.Profile"/>
  <system-out/>
  <testcase name="login" time="11.665" classname="test.Profile"/>
  <system-out/>
  <testcase name="login" time="11.250" classname="test.Profile"/>
  <system-out/>
  <testcase name="login" time="11.482" classname="test.Profile"/>
  <system-out/>
  <testcase name="login" time="11.591" classname="test.Profile"/>
  <system-out/>
  <testcase name="login" time="10.931" classname="test.Profile"/>
  <system-out/>
  <testcase name="login" time="11.227" classname="test.Profile"/>
  <system-out/>
  <testcase name="login" time="10.962" classname="test.Profile"/>
  <system-out/>
  <testcase name="login" time="11.429" classname="test.Profile"/>
  <system-out/>
  <testcase name="login" time="10.492" classname="test.Profile"/>
  <system-out/>
  <testcase name="login" time="11.761" classname="test.Profile"/>
  <system-out/>
</testsuite> <!-- test.Profile -->
