<?xml version="1.0" encoding="UTF-8"?>
<!-- Generated by org.testng.reporters.JUnitReportReporter -->
<testsuite skipped="0" hostname="DESKTOP-JTCMNKG" name="test.Login" tests="1" failures="0" timestamp="2020-06-26T13:55:38 ICT" time="2.779" errors="0">
  <testcase name="login" time="2.779" classname="test.Login"/>
  <system-out/>
</testsuite> <!-- test.Login -->
