<?xml version="1.0" encoding="UTF-8"?>
<!-- Generated by org.testng.reporters.JUnitReportReporter -->
<testsuite skipped="0" hostname="DESKTOP-JTCMNKG" name="test.ProtractorCheckbox" tests="1" failures="0" timestamp="2020-07-02T10:58:45 ICT" time="11.566" errors="0">
  <testcase name="testCheckBox" time="11.566" classname="test.ProtractorCheckbox"/>
  <system-out/>
</testsuite> <!-- test.ProtractorCheckbox -->
