<?xml version="1.0" encoding="UTF-8"?>
<!-- Generated by org.testng.reporters.JUnitReportReporter -->
<testsuite skipped="0" hostname="DESKTOP-JTCMNKG" name="test.ProtractorCheckbox" tests="1" failures="0" timestamp="2020-07-03T10:16:33 ICT" time="13.855" errors="0">
  <testcase name="testCheckBox" time="13.855" classname="test.ProtractorCheckbox"/>
  <system-out/>
</testsuite> <!-- test.ProtractorCheckbox -->
