<?xml version="1.0" encoding="UTF-8"?>
<!-- Generated by org.testng.reporters.JUnitReportReporter -->
<testsuite skipped="0" hostname="DESKTOP-JTCMNKG" name="pages.ProfilePage" tests="2" failures="0" timestamp="2020-06-22T09:23:23 ICT" time="31.511" errors="0">
  <testcase name="loginFail" time="14.605" classname="pages.ProfilePage"/>
  <system-out/>
  <testcase name="login" time="16.906" classname="pages.ProfilePage"/>
  <system-out/>
</testsuite> <!-- pages.ProfilePage -->
