<?xml version="1.0" encoding="UTF-8"?>
<!-- Generated by org.testng.reporters.JUnitReportReporter -->
<testsuite skipped="0" hostname="DESKTOP-JTCMNKG" name="test.Nunzioweb" tests="1" failures="0" timestamp="2020-07-07T15:09:23 ICT" time="16.915" errors="0">
  <testcase name="getTextCenter" time="16.915" classname="test.Nunzioweb"/>
  <system-out/>
</testsuite> <!-- test.Nunzioweb -->
